2021-08-04 10:32:52.914  INFO 45914 --- [reactor-http-nio-12] d.c.b.a.server.services.StatusUpdater    : Couldn't retrieve status for Instance(id=49b2cfee491b, version=2, registration=Registration(name=cplace_node1, managementUrl=http://localhost:8083/_actuator, healthUrl=http://localhost:8083/_actuator/health, serviceUrl=http://localhost:8083/, source=http-api), registered=true, statusInfo=StatusInfo(status=UP, details={elasticsearch={status=UP, details={cluster_name=elasticsearch, status=green, timed_out=false, number_of_nodes=1, number_of_data_nodes=1, active_primary_shards=1, active_shards=1, relocating_shards=0, initializing_shards=0, unassigned_shards=0, delayed_unassigned_shards=0, number_of_pending_tasks=0, number_of_in_flight_fetch=0, task_max_waiting_in_queue_millis=0, active_shards_percent_as_number=100.0}}, soapInterface={status=UP, details={wsdl=/soap-api/api.wsdl}}, diskSpace={status=UP, details={total=1000240963584, free=692121149440, threshold=10485760, exists=true}}, ping={status=UP}, restInterface={status=UP, details={port=8083, path=/cplace-api}}}), statusTimestamp=2021-08-03T18:19:23.646181Z, info=Info(values={}), endpoints=Endpoints(endpoints={httptrace=Endpoint(id=httptrace, url=http://localhost:8083/_actuator/httptrace), caches=Endpoint(id=caches, url=http://localhost:8083/_actuator/caches), loggers=Endpoint(id=loggers, url=http://localhost:8083/_actuator/loggers), logfile=Endpoint(id=logfile, url=http://localhost:8083/_actuator/logfile), health=Endpoint(id=health, url=http://localhost:8083/_actuator/health), env=Endpoint(id=env, url=http://localhost:8083/_actuator/env), heapdump=Endpoint(id=heapdump, url=http://localhost:8083/_actuator/heapdump), scheduledtasks=Endpoint(id=scheduledtasks, url=http://localhost:8083/_actuator/scheduledtasks), mappings=Endpoint(id=mappings, url=http://localhost:8083/_actuator/mappings), beans=Endpoint(id=beans, url=http://localhost:8083/_actuator/beans), configprops=Endpoint(id=configprops, url=http://localhost:8083/_actuator/configprops), threaddump=Endpoint(id=threaddump, url=http://localhost:8083/_actuator/threaddump), prometheus=Endpoint(id=prometheus, url=http://localhost:8083/_actuator/prometheus), metrics=Endpoint(id=metrics, url=http://localhost:8083/_actuator/metrics), conditions=Endpoint(id=conditions, url=http://localhost:8083/_actuator/conditions), securityfilters=Endpoint(id=securityfilters, url=http://localhost:8083/_actuator/securityfilters), info=Endpoint(id=info, url=http://localhost:8083/_actuator/info), jolokia=Endpoint(id=jolokia, url=http://localhost:8083/_actuator/jolokia)}), buildVersion=null, tags=Tags(values={}))

org.springframework.web.reactive.function.client.WebClientRequestException: Connection refused: localhost/0:0:0:0:0:0:0:1:8083; nested exception is io.netty.channel.AbstractChannel$AnnotatedConnectException: Connection refused: localhost/0:0:0:0:0:0:0:1:8083
	at org.springframework.web.reactive.function.client.ExchangeFunctions$DefaultExchangeFunction.lambda$wrapException$9(ExchangeFunctions.java:141) ~[spring-webflux-5.3.9.jar:5.3.9]
	Suppressed: reactor.core.publisher.FluxOnAssembly$OnAssemblyException: 
Error has been observed at the following site(s):
	|_ checkpoint ⇢ Request to GET health [DefaultWebClient]
Stack trace:
		at org.springframework.web.reactive.function.client.ExchangeFunctions$DefaultExchangeFunction.lambda$wrapException$9(ExchangeFunctions.java:141) ~[spring-webflux-5.3.9.jar:5.3.9]
		at reactor.core.publisher.MonoErrorSupplied.subscribe(MonoErrorSupplied.java:55) ~[reactor-core-3.4.8.jar:3.4.8]
		at reactor.core.publisher.Mono.subscribe(Mono.java:4338) ~[reactor-core-3.4.8.jar:3.4.8]
		at reactor.core.publisher.FluxOnErrorResume$ResumeSubscriber.onError(FluxOnErrorResume.java:103) ~[reactor-core-3.4.8.jar:3.4.8]
		at reactor.core.publisher.FluxPeek$PeekSubscriber.onError(FluxPeek.java:222) ~[reactor-core-3.4.8.jar:3.4.8]
		at reactor.core.publisher.FluxPeek$PeekSubscriber.onError(FluxPeek.java:222) ~[reactor-core-3.4.8.jar:3.4.8]
		at reactor.core.publisher.FluxPeek$PeekSubscriber.onError(FluxPeek.java:222) ~[reactor-core-3.4.8.jar:3.4.8]
		at reactor.core.publisher.MonoNext$NextSubscriber.onError(MonoNext.java:93) ~[reactor-core-3.4.8.jar:3.4.8]
		at reactor.core.publisher.MonoFlatMapMany$FlatMapManyMain.onError(MonoFlatMapMany.java:204) ~[reactor-core-3.4.8.jar:3.4.8]
		at reactor.core.publisher.SerializedSubscriber.onError(SerializedSubscriber.java:124) ~[reactor-core-3.4.8.jar:3.4.8]
		at reactor.core.publisher.FluxRetryWhen$RetryWhenMainSubscriber.whenError(FluxRetryWhen.java:225) ~[reactor-core-3.4.8.jar:3.4.8]
		at reactor.core.publisher.FluxRetryWhen$RetryWhenOtherSubscriber.onError(FluxRetryWhen.java:274) ~[reactor-core-3.4.8.jar:3.4.8]
		at reactor.core.publisher.FluxConcatMap$ConcatMapImmediate.drain(FluxConcatMap.java:414) ~[reactor-core-3.4.8.jar:3.4.8]
		at reactor.core.publisher.FluxConcatMap$ConcatMapImmediate.onNext(FluxConcatMap.java:251) ~[reactor-core-3.4.8.jar:3.4.8]
		at reactor.core.publisher.EmitterProcessor.drain(EmitterProcessor.java:491) ~[reactor-core-3.4.8.jar:3.4.8]
		at reactor.core.publisher.EmitterProcessor.tryEmitNext(EmitterProcessor.java:299) ~[reactor-core-3.4.8.jar:3.4.8]
		at reactor.core.publisher.SinkManySerialized.tryEmitNext(SinkManySerialized.java:100) ~[reactor-core-3.4.8.jar:3.4.8]
		at reactor.core.publisher.InternalManySink.emitNext(InternalManySink.java:27) ~[reactor-core-3.4.8.jar:3.4.8]
		at reactor.core.publisher.FluxRetryWhen$RetryWhenMainSubscriber.onError(FluxRetryWhen.java:190) ~[reactor-core-3.4.8.jar:3.4.8]
		at reactor.core.publisher.MonoCreate$DefaultMonoSink.error(MonoCreate.java:189) ~[reactor-core-3.4.8.jar:3.4.8]
		at reactor.netty.http.client.HttpClientConnect$MonoHttpConnect$ClientTransportSubscriber.onError(HttpClientConnect.java:304) ~[reactor-netty-http-1.0.9.jar:1.0.9]
		at reactor.core.publisher.MonoCreate$DefaultMonoSink.error(MonoCreate.java:189) ~[reactor-core-3.4.8.jar:3.4.8]
		at reactor.netty.resources.DefaultPooledConnectionProvider$DisposableAcquire.onError(DefaultPooledConnectionProvider.java:172) ~[reactor-netty-core-1.0.9.jar:1.0.9]
		at reactor.netty.internal.shaded.reactor.pool.AbstractPool$Borrower.fail(AbstractPool.java:444) ~[reactor-netty-core-1.0.9.jar:1.0.9]
		at reactor.netty.internal.shaded.reactor.pool.SimpleDequePool.lambda$drainLoop$9(SimpleDequePool.java:399) ~[reactor-netty-core-1.0.9.jar:1.0.9]
		at reactor.core.publisher.FluxDoOnEach$DoOnEachSubscriber.onError(FluxDoOnEach.java:186) ~[reactor-core-3.4.8.jar:3.4.8]
		at reactor.core.publisher.MonoCreate$DefaultMonoSink.error(MonoCreate.java:189) ~[reactor-core-3.4.8.jar:3.4.8]
		at reactor.netty.resources.DefaultPooledConnectionProvider$PooledConnectionAllocator$PooledConnectionInitializer.onError(DefaultPooledConnectionProvider.java:554) ~[reactor-netty-core-1.0.9.jar:1.0.9]
		at reactor.core.publisher.MonoFlatMap$FlatMapMain.secondError(MonoFlatMap.java:192) ~[reactor-core-3.4.8.jar:3.4.8]
		at reactor.core.publisher.MonoFlatMap$FlatMapInner.onError(MonoFlatMap.java:259) ~[reactor-core-3.4.8.jar:3.4.8]
		at reactor.core.publisher.FluxOnErrorResume$ResumeSubscriber.onError(FluxOnErrorResume.java:106) ~[reactor-core-3.4.8.jar:3.4.8]
		at reactor.core.publisher.SerializedSubscriber.onError(SerializedSubscriber.java:124) ~[reactor-core-3.4.8.jar:3.4.8]
		at reactor.core.publisher.FluxRetryWhen$RetryWhenMainSubscriber.whenError(FluxRetryWhen.java:225) ~[reactor-core-3.4.8.jar:3.4.8]
		at reactor.core.publisher.FluxRetryWhen$RetryWhenOtherSubscriber.onError(FluxRetryWhen.java:274) ~[reactor-core-3.4.8.jar:3.4.8]
		at reactor.core.publisher.FluxConcatMap$ConcatMapImmediate.drain(FluxConcatMap.java:414) ~[reactor-core-3.4.8.jar:3.4.8]
		at reactor.core.publisher.FluxConcatMap$ConcatMapImmediate.onNext(FluxConcatMap.java:251) ~[reactor-core-3.4.8.jar:3.4.8]
		at reactor.core.publisher.EmitterProcessor.drain(EmitterProcessor.java:491) ~[reactor-core-3.4.8.jar:3.4.8]
		at reactor.core.publisher.EmitterProcessor.tryEmitNext(EmitterProcessor.java:299) ~[reactor-core-3.4.8.jar:3.4.8]
		at reactor.core.publisher.SinkManySerialized.tryEmitNext(SinkManySerialized.java:100) ~[reactor-core-3.4.8.jar:3.4.8]
		at reactor.core.publisher.InternalManySink.emitNext(InternalManySink.java:27) ~[reactor-core-3.4.8.jar:3.4.8]
		at reactor.core.publisher.FluxRetryWhen$RetryWhenMainSubscriber.onError(FluxRetryWhen.java:190) ~[reactor-core-3.4.8.jar:3.4.8]
		at reactor.core.publisher.MonoFlatMap$FlatMapMain.secondError(MonoFlatMap.java:192) ~[reactor-core-3.4.8.jar:3.4.8]
		at reactor.core.publisher.MonoFlatMap$FlatMapInner.onError(MonoFlatMap.java:259) ~[reactor-core-3.4.8.jar:3.4.8]
		at reactor.netty.transport.TransportConnector$MonoChannelPromise.tryFailure(TransportConnector.java:517) ~[reactor-netty-core-1.0.9.jar:1.0.9]
		at reactor.netty.transport.TransportConnector$MonoChannelPromise.setFailure(TransportConnector.java:471) ~[reactor-netty-core-1.0.9.jar:1.0.9]
		at reactor.netty.transport.TransportConnector.lambda$doConnect$7(TransportConnector.java:206) ~[reactor-netty-core-1.0.9.jar:1.0.9]
		at io.netty.util.concurrent.DefaultPromise.notifyListener0(DefaultPromise.java:578) ~[netty-common-4.1.66.Final.jar:4.1.66.Final]
		at io.netty.util.concurrent.DefaultPromise.notifyListeners0(DefaultPromise.java:571) ~[netty-common-4.1.66.Final.jar:4.1.66.Final]
		at io.netty.util.concurrent.DefaultPromise.notifyListenersNow(DefaultPromise.java:550) ~[netty-common-4.1.66.Final.jar:4.1.66.Final]
		at io.netty.util.concurrent.DefaultPromise.notifyListeners(DefaultPromise.java:491) ~[netty-common-4.1.66.Final.jar:4.1.66.Final]
		at io.netty.util.concurrent.DefaultPromise.setValue0(DefaultPromise.java:616) ~[netty-common-4.1.66.Final.jar:4.1.66.Final]
		at io.netty.util.concurrent.DefaultPromise.setFailure0(DefaultPromise.java:609) ~[netty-common-4.1.66.Final.jar:4.1.66.Final]
		at io.netty.util.concurrent.DefaultPromise.tryFailure(DefaultPromise.java:117) ~[netty-common-4.1.66.Final.jar:4.1.66.Final]
		at io.netty.channel.nio.AbstractNioChannel$AbstractNioUnsafe.fulfillConnectPromise(AbstractNioChannel.java:321) ~[netty-transport-4.1.66.Final.jar:4.1.66.Final]
		at io.netty.channel.nio.AbstractNioChannel$AbstractNioUnsafe.finishConnect(AbstractNioChannel.java:337) ~[netty-transport-4.1.66.Final.jar:4.1.66.Final]
		at io.netty.channel.nio.NioEventLoop.processSelectedKey(NioEventLoop.java:707) ~[netty-transport-4.1.66.Final.jar:4.1.66.Final]
		at io.netty.channel.nio.NioEventLoop.processSelectedKeysOptimized(NioEventLoop.java:655) ~[netty-transport-4.1.66.Final.jar:4.1.66.Final]
		at io.netty.channel.nio.NioEventLoop.processSelectedKeys(NioEventLoop.java:581) ~[netty-transport-4.1.66.Final.jar:4.1.66.Final]
		at io.netty.channel.nio.NioEventLoop.run(NioEventLoop.java:493) ~[netty-transport-4.1.66.Final.jar:4.1.66.Final]
		at io.netty.util.concurrent.SingleThreadEventExecutor$4.run(SingleThreadEventExecutor.java:986) ~[netty-common-4.1.66.Final.jar:4.1.66.Final]
		at io.netty.util.internal.ThreadExecutorMap$2.run(ThreadExecutorMap.java:74) ~[netty-common-4.1.66.Final.jar:4.1.66.Final]
		at io.netty.util.concurrent.FastThreadLocalRunnable.run(FastThreadLocalRunnable.java:30) ~[netty-common-4.1.66.Final.jar:4.1.66.Final]
		at java.base/java.lang.Thread.run(Thread.java:834) ~[na:na]
Caused by: io.netty.channel.AbstractChannel$AnnotatedConnectException: Connection refused: localhost/0:0:0:0:0:0:0:1:8083
Caused by: java.net.ConnectException: Connection refused
	at java.base/sun.nio.ch.SocketChannelImpl.checkConnect(Native Method) ~[na:na]
	at java.base/sun.nio.ch.SocketChannelImpl.finishConnect(SocketChannelImpl.java:779) ~[na:na]
	at io.netty.channel.socket.nio.NioSocketChannel.doFinishConnect(NioSocketChannel.java:330) ~[netty-transport-4.1.66.Final.jar:4.1.66.Final]
	at io.netty.channel.nio.AbstractNioChannel$AbstractNioUnsafe.finishConnect(AbstractNioChannel.java:334) ~[netty-transport-4.1.66.Final.jar:4.1.66.Final]
	at io.netty.channel.nio.NioEventLoop.processSelectedKey(NioEventLoop.java:707) ~[netty-transport-4.1.66.Final.jar:4.1.66.Final]
	at io.netty.channel.nio.NioEventLoop.processSelectedKeysOptimized(NioEventLoop.java:655) ~[netty-transport-4.1.66.Final.jar:4.1.66.Final]
	at io.netty.channel.nio.NioEventLoop.processSelectedKeys(NioEventLoop.java:581) ~[netty-transport-4.1.66.Final.jar:4.1.66.Final]
	at io.netty.channel.nio.NioEventLoop.run(NioEventLoop.java:493) ~[netty-transport-4.1.66.Final.jar:4.1.66.Final]
	at io.netty.util.concurrent.SingleThreadEventExecutor$4.run(SingleThreadEventExecutor.java:986) ~[netty-common-4.1.66.Final.jar:4.1.66.Final]
	at io.netty.util.internal.ThreadExecutorMap$2.run(ThreadExecutorMap.java:74) ~[netty-common-4.1.66.Final.jar:4.1.66.Final]
	at io.netty.util.concurrent.FastThreadLocalRunnable.run(FastThreadLocalRunnable.java:30) ~[netty-common-4.1.66.Final.jar:4.1.66.Final]
	at java.base/java.lang.Thread.run(Thread.java:834) ~[na:na]

